#
# There is insufficient memory for the Java Runtime Environment to continue.
# Native memory allocation (mmap) failed to map 266338304 bytes for G1 virtual space
# Possible reasons:
#   The system is out of physical RAM or swap space
#   The process is running with CompressedOops enabled, and the Java Heap may be blocking the growth of the native heap
# Possible solutions:
#   Reduce memory load on the system
#   Increase physical memory or swap space
#   Check if swap backing store is full
#   Decrease Java heap size (-Xmx/-Xms)
#   Decrease number of Java threads
#   Decrease Java thread stack sizes (-Xss)
#   Set larger code cache with -XX:ReservedCodeCacheSize=
#   JVM is running with Zero Based Compressed Oops mode in which the Java heap is
#     placed in the first 32GB address space. The Java Heap base address is the
#     maximum limit for the native heap growth. Please use -XX:HeapBaseMinAddress
#     to set the Java Heap base and to place the Java Heap above 32GB virtual address.
# This output file may be truncated or incomplete.
#
#  Out of Memory Error (./open/src/hotspot/os/windows/os_windows.cpp:3321), pid=20256, tid=21304
#
# JRE version:  (15.0.2+7) (build )
# Java VM: Java HotSpot(TM) 64-Bit Server VM (15.0.2+7-27, mixed mode, sharing, tiered, compressed oops, g1 gc, windows-amd64)
# No core dump will be written. Minidumps are not enabled by default on client versions of Windows
#

---------------  S U M M A R Y ------------

Command Line: com.group5.main.Main

Host: Intel(R) Core(TM) i7-10510U CPU @ 1.80GHz, 8 cores, 15G,  Windows 10 , 64 bit Build 19041 (10.0.19041.928)
Time: Sun May 16 16:44:35 2021 SE Asia Standard Time elapsed time: 0.006911 seconds (0d 0h 0m 0s)

---------------  T H R E A D  ---------------

Current thread (0x000001a96c4a0c80):  JavaThread "Unknown thread" [_thread_in_vm, id=21304, stack(0x0000004404a00000,0x0000004404b00000)]

Stack: [0x0000004404a00000,0x0000004404b00000]
Native frames: (J=compiled Java code, j=interpreted, Vv=VM code, C=native code)
V  [jvm.dll+0x62ae9a]
V  [jvm.dll+0x7817a9]
V  [jvm.dll+0x782f03]
V  [jvm.dll+0x783563]
V  [jvm.dll+0x216325]
V  [jvm.dll+0x6281d9]
V  [jvm.dll+0x61cf55]
V  [jvm.dll+0x2cffdd]
V  [jvm.dll+0x2cfe42]
V  [jvm.dll+0x2d5e1c]
V  [jvm.dll+0x32590a]
V  [jvm.dll+0x324fd4]
V  [jvm.dll+0x2a6f5a]
V  [jvm.dll+0x2a80f8]
V  [jvm.dll+0x75e241]
V  [jvm.dll+0x3341c4]
V  [jvm.dll+0x73e926]
V  [jvm.dll+0x3b7557]
V  [jvm.dll+0x3b8fe1]
C  [jli.dll+0x52fb]
C  [ucrtbase.dll+0x21bb2]
C  [KERNEL32.DLL+0x17034]
C  [ntdll.dll+0x52651]


---------------  P R O C E S S  ---------------

Threads class SMR info:
_java_thread_list=0x00007ffca4c94ff0, length=0, elements={
}

Java Threads: ( => current thread )

Other Threads:
  0x000001a96c4f2430 GCTaskThread "GC Thread#0" [stack: 0x0000004404b00000,0x0000004404c00000] [id=17932]
  0x000001a96c503250 ConcurrentGCThread "G1 Main Marker" [stack: 0x0000004404c00000,0x0000004404d00000] [id=21212]
  0x000001a96c5045e0 ConcurrentGCThread "G1 Conc#0" [stack: 0x0000004404d00000,0x0000004404e00000] [id=8148]

[error occurred during error reporting (printing all threads), id 0xc0000005, EXCEPTION_ACCESS_VIOLATION (0xc0000005) at pc=0x00007ffca4487e27]

VM state: not at safepoint (not fully initialized)

VM Mutex/Monitor currently owned by a thread:  ([mutex/lock_event])
[0x000001a96c49dac0] Heap_lock - owner thread: 0x000001a96c4a0c80

Heap address: 0x0000000703200000, size: 4046 MB, Compressed Oops mode: Zero based, Oop shift amount: 3
CDS archive(s) mapped at: [0x0000000000000000-0x0000000000000000-0x0000000000000000), size 0, SharedBaseAddress: 0x0000000800000000, ArchiveRelocationMode: 0.
Narrow klass base: 0x0000000000000000, Narrow klass shift: 0, Narrow klass range: 0x0

Heap:
 garbage-first heap   total 260096K, used 0K [0x0000000703200000, 0x0000000800000000)
  region size 2048K, 0 young (0K), 0 survivors (0K)
 Metaspace       used 0K, capacity 0K, committed 0K, reserved 0K
  class space    used 0K, capacity 0K, committed 0K, reserved 0K

Heap Regions: E=young(eden), S=young(survivor), O=old, HS=humongous(starts), HC=humongous(continues), CS=collection set, F=free, OA=open archive, CA=closed archive, TAMS=top-at-mark-start (previous, next)

Card table byte_map: [0x000001a977130000,0x000001a977920000] _byte_map_base: 0x000001a973917000

Marking Bits (Prev, Next): (CMBitMap*) 0x000001a96c4f2c20, (CMBitMap*) 0x000001a96c4f2c60
 Prev Bits: [0x000001a978110000, 0x000001a97c048000)
 Next Bits: [0x000001a97c050000, 0x000001a97ff88000)

GC Heap History (0 events):
No events

Deoptimization events (0 events):
No events

Classes unloaded (0 events):
No events

Classes redefined (0 events):
No events

Internal exceptions (0 events):
No events

Events (1 events):
Event: 0.004 Loaded shared library C:\Program Files\Java\jdk-15.0.2\bin\java.dll


Dynamic libraries:
0x00007ff7a56f0000 - 0x00007ff7a56ff000 	C:\Program Files\Java\jdk-15.0.2\bin\java.exe
0x00007ffd38b50000 - 0x00007ffd38d45000 	C:\WINDOWS\SYSTEM32\ntdll.dll
0x00007ffd36d60000 - 0x00007ffd36e1d000 	C:\WINDOWS\System32\KERNEL32.DLL
0x00007ffd365d0000 - 0x00007ffd36898000 	C:\WINDOWS\System32\KERNELBASE.dll
0x00007ffd36290000 - 0x00007ffd36390000 	C:\WINDOWS\System32\ucrtbase.dll
0x00007ffd22ee0000 - 0x00007ffd22ef9000 	C:\Program Files\Java\jdk-15.0.2\bin\VCRUNTIME140.dll
0x00007ffd23750000 - 0x00007ffd23768000 	C:\Program Files\Java\jdk-15.0.2\bin\jli.dll
0x00007ffd36ef0000 - 0x00007ffd36f9c000 	C:\WINDOWS\System32\ADVAPI32.dll
0x00007ffd38710000 - 0x00007ffd387ae000 	C:\WINDOWS\System32\msvcrt.dll
0x00007ffd371b0000 - 0x00007ffd3724b000 	C:\WINDOWS\System32\sechost.dll
0x00007ffd37010000 - 0x00007ffd3713b000 	C:\WINDOWS\System32\RPCRT4.dll
0x00007ffd38200000 - 0x00007ffd383a0000 	C:\WINDOWS\System32\USER32.dll
0x00007ffd36390000 - 0x00007ffd363b2000 	C:\WINDOWS\System32\win32u.dll
0x00007ffd1fd40000 - 0x00007ffd1ffda000 	C:\WINDOWS\WinSxS\amd64_microsoft.windows.common-controls_6595b64144ccf1df_6.0.19041.844_none_ca00b6081b84eb1d\COMCTL32.dll
0x00007ffd37260000 - 0x00007ffd3728a000 	C:\WINDOWS\System32\GDI32.dll
0x00007ffd36aa0000 - 0x00007ffd36bab000 	C:\WINDOWS\System32\gdi32full.dll
0x00007ffd36950000 - 0x00007ffd369ed000 	C:\WINDOWS\System32\msvcp_win.dll
0x00007ffd2c5d0000 - 0x00007ffd2c5da000 	C:\WINDOWS\SYSTEM32\VERSION.dll
0x00007ffd386e0000 - 0x00007ffd38710000 	C:\WINDOWS\System32\IMM32.DLL
0x00007ffd24ad0000 - 0x00007ffd24adc000 	C:\Program Files\Java\jdk-15.0.2\bin\vcruntime140_1.dll
0x00007ffd1e9e0000 - 0x00007ffd1ea71000 	C:\Program Files\Java\jdk-15.0.2\bin\msvcp140.dll
0x00007ffca41d0000 - 0x00007ffca4d2e000 	C:\Program Files\Java\jdk-15.0.2\bin\server\jvm.dll
0x00007ffd37250000 - 0x00007ffd37258000 	C:\WINDOWS\System32\PSAPI.DLL
0x00007ffd24c80000 - 0x00007ffd24c89000 	C:\WINDOWS\SYSTEM32\WSOCK32.dll
0x00007ffd10d80000 - 0x00007ffd10da7000 	C:\WINDOWS\SYSTEM32\WINMM.dll
0x00007ffd36fa0000 - 0x00007ffd3700b000 	C:\WINDOWS\System32\WS2_32.dll
0x00007ffd34b40000 - 0x00007ffd34b52000 	C:\WINDOWS\SYSTEM32\kernel.appcore.dll
0x00007ffd23740000 - 0x00007ffd2374a000 	C:\Program Files\Java\jdk-15.0.2\bin\jimage.dll
0x00007ffd34930000 - 0x00007ffd34b14000 	C:\WINDOWS\SYSTEM32\DBGHELP.DLL
0x00007ffd21240000 - 0x00007ffd2126c000 	C:\WINDOWS\SYSTEM32\dbgcore.DLL
0x00007ffd363c0000 - 0x00007ffd36440000 	C:\WINDOWS\System32\bcryptPrimitives.dll
0x00007ffd21c20000 - 0x00007ffd21c45000 	C:\Program Files\Java\jdk-15.0.2\bin\java.dll

dbghelp: loaded successfully - version: 4.0.5 - missing functions: none
symbol engine: initialized successfully - sym options: 0x614 - pdb path: .;C:\Program Files\Java\jdk-15.0.2\bin;C:\WINDOWS\SYSTEM32;C:\WINDOWS\WinSxS\amd64_microsoft.windows.common-controls_6595b64144ccf1df_6.0.19041.844_none_ca00b6081b84eb1d;C:\Program Files\Java\jdk-15.0.2\bin\server

VM Arguments:
java_command: com.group5.main.Main
java_class_path (initial): D:\code\ky 2 nam 3\java\Thuc Hanh\project\QLNhaTro\target\classes;C:\Users\trung\.m2\repository\mysql\mysql-connector-java\8.0.22\mysql-connector-java-8.0.22.jar;C:\Users\trung\.m2\repository\com\google\protobuf\protobuf-java\3.11.4\protobuf-java-3.11.4.jar
Launcher Type: SUN_STANDARD

[Global flags]
     intx CICompilerCount                          = 4                                         {product} {ergonomic}
     uint ConcGCThreads                            = 2                                         {product} {ergonomic}
     uint G1ConcRefinementThreads                  = 8                                         {product} {ergonomic}
   size_t G1HeapRegionSize                         = 2097152                                   {product} {ergonomic}
    uintx GCDrainStackTargetSize                   = 64                                        {product} {ergonomic}
   size_t InitialHeapSize                          = 266338304                                 {product} {ergonomic}
   size_t MarkStackSize                            = 4194304                                   {product} {ergonomic}
   size_t MaxHeapSize                              = 4242538496                                {product} {ergonomic}
   size_t MinHeapDeltaBytes                        = 2097152                                   {product} {ergonomic}
   size_t MinHeapSize                              = 8388608                                   {product} {ergonomic}
    uintx NonNMethodCodeHeapSize                   = 5839372                                {pd product} {ergonomic}
    uintx NonProfiledCodeHeapSize                  = 122909434                              {pd product} {ergonomic}
    uintx ProfiledCodeHeapSize                     = 122909434                              {pd product} {ergonomic}
    uintx ReservedCodeCacheSize                    = 251658240                              {pd product} {ergonomic}
     bool SegmentedCodeCache                       = true                                      {product} {ergonomic}
   size_t SoftMaxHeapSize                          = 4242538496                             {manageable} {ergonomic}
     bool UseCompressedClassPointers               = true                                 {lp64_product} {ergonomic}
     bool UseCompressedOops                        = true                                 {lp64_product} {ergonomic}
     bool UseG1GC                                  = true                                      {product} {ergonomic}
     bool UseLargePagesIndividualAllocation        = false                                  {pd product} {ergonomic}

Logging:
Log output configuration:
 #0: stdout all=warning uptime,level,tags
 #1: stderr all=off uptime,level,tags

Environment Variables:
JAVA_HOME=C:\Program Files\Java\jdk-15.0.2
PATH=C:\Program Files\Microsoft MPI\Bin\;C:\Program Files\Common Files\Oracle\Java\javapath;C:\Windows\system32;C:\Windows;C:\Windows\System32\Wbem;C:\Windows\System32\WindowsPowerShell\v1.0\;C:\Windows\System32\OpenSSH\;C:\Program Files (x86)\NVIDIA Corporation\PhysX\Common;C:\WINDOWS\system32;C:\WINDOWS;C:\WINDOWS\System32\Wbem;C:\WINDOWS\System32\WindowsPowerShell\v1.0\;C:\WINDOWS\System32\OpenSSH\;C:\Program Files (x86)\Microsoft SQL Server\150\Tools\Binn\;C:\Program Files\Microsoft SQL Server\150\Tools\Binn\;C:\Program Files (x86)\Microsoft SQL Server\150\DTS\Binn\;C:\Program Files\Microsoft SQL Server\150\DTS\Binn\;C:\Program Files\Microsoft SQL Server\Client SDK\ODBC\170\Tools\Binn\;C:\Program Files\Azure Data Studio\bin;C:\Program Files\dotnet\;C:\Program Files\Java\jdk-15.0.2\bin;C:\Program Files\Git\cmd;C:\Program Files (x86)\dotnet\;C:\Program Files\Microsoft SQL Server\130\Tools\Binn\;C:\Users\trung\AppData\Local\Programs\Python\Python39\Scripts\;C:\Users\trung\AppData\Local\Programs\Python\Python39\;C:\Users\trung\AppData\Local\Microsoft\WindowsApps;;C:\Users\trung\AppData\Local\Programs\Microsoft VS Code\bin;C:\Program Files\Azure Data Studio\bin;C:\Users\trung\.dotnet\tools
USERNAME=trung
OS=Windows_NT
PROCESSOR_IDENTIFIER=Intel64 Family 6 Model 142 Stepping 12, GenuineIntel



---------------  S Y S T E M  ---------------

OS:
 Windows 10 , 64 bit Build 19041 (10.0.19041.928)
OS uptime: 2 days 3:11 hours

CPU: total 8 (initial active 8) (4 cores per cpu, 2 threads per core) family 6 model 142 stepping 12 microcode 0xde, cmov, cx8, fxsr, mmx, sse, sse2, sse3, ssse3, sse4.1, sse4.2, popcnt, vzeroupper, avx, avx2, aes, clmul, erms, 3dnowpref, lzcnt, ht, tsc, tscinvbit, bmi1, bmi2, adx, fma, clflush, clflushopt

Memory: 4k page, system-wide physical 16182M (5165M free)
TotalPageFile size 19181M (AvailPageFile size 106M)
current process WorkingSet (physical memory assigned to process): 10M, peak: 10M
current process commit charge ("private bytes"): 60M, peak: 314M

vm_info: Java HotSpot(TM) 64-Bit Server VM (15.0.2+7-27) for windows-amd64 JRE (15.0.2+7-27), built on Dec  7 2020 20:07:01 by "mach5one" with unknown MS VC++:1925

END.
