#
# There is insufficient memory for the Java Runtime Environment to continue.
# Native memory allocation (malloc) failed to allocate 154576 bytes for Chunk::new
# Possible reasons:
#   The system is out of physical RAM or swap space
#   The process is running with CompressedOops enabled, and the Java Heap may be blocking the growth of the native heap
# Possible solutions:
#   Reduce memory load on the system
#   Increase physical memory or swap space
#   Check if swap backing store is full
#   Decrease Java heap size (-Xmx/-Xms)
#   Decrease number of Java threads
#   Decrease Java thread stack sizes (-Xss)
#   Set larger code cache with -XX:ReservedCodeCacheSize=
#   JVM is running with Zero Based Compressed Oops mode in which the Java heap is
#     placed in the first 32GB address space. The Java Heap base address is the
#     maximum limit for the native heap growth. Please use -XX:HeapBaseMinAddress
#     to set the Java Heap base and to place the Java Heap above 32GB virtual address.
# This output file may be truncated or incomplete.
#
#  Out of Memory Error (./open/src/hotspot/share/memory/arena.cpp:195), pid=3424, tid=20560
#
# JRE version: Java(TM) SE Runtime Environment (15.0.2+7) (build 15.0.2+7-27)
# Java VM: Java HotSpot(TM) 64-Bit Server VM (15.0.2+7-27, mixed mode, sharing, tiered, compressed oops, g1 gc, windows-amd64)
# No core dump will be written. Minidumps are not enabled by default on client versions of Windows
#

---------------  S U M M A R Y ------------

Command Line: com.group5.main.Main

Host: Intel(R) Core(TM) i7-10510U CPU @ 1.80GHz, 8 cores, 15G,  Windows 10 , 64 bit Build 19041 (10.0.19041.928)
Time: Sun May 16 16:45:52 2021 SE Asia Standard Time elapsed time: 0.315657 seconds (0d 0h 0m 0s)

---------------  T H R E A D  ---------------

Current thread (0x000001cd5e4febf0):  JavaThread "C2 CompilerThread0" daemon [_thread_in_native, id=20560, stack(0x000000b1b5400000,0x000000b1b5500000)]


Current CompileTask:
C2:    315  648       4       java.util.HashMap::putVal (300 bytes)

Stack: [0x000000b1b5400000,0x000000b1b5500000]
Native frames: (J=compiled Java code, j=interpreted, Vv=VM code, C=native code)
V  [jvm.dll+0x62ae9a]
V  [jvm.dll+0x7817a9]
V  [jvm.dll+0x782f03]
V  [jvm.dll+0x783563]
V  [jvm.dll+0x216325]
V  [jvm.dll+0x97f3a]
V  [jvm.dll+0x9861c]
V  [jvm.dll+0x32e305]
V  [jvm.dll+0x2f768a]
V  [jvm.dll+0x2f6a4a]
V  [jvm.dll+0x1ea705]
V  [jvm.dll+0x1e996e]
V  [jvm.dll+0x178567]
V  [jvm.dll+0x1f9225]
V  [jvm.dll+0x1f72cc]
V  [jvm.dll+0x74495d]
V  [jvm.dll+0x73d75a]
V  [jvm.dll+0x629c56]
C  [ucrtbase.dll+0x21bb2]
C  [KERNEL32.DLL+0x17034]
C  [ntdll.dll+0x52651]


---------------  P R O C E S S  ---------------

Threads class SMR info:
_java_thread_list=0x000001cd5ec36fe0, length=16, elements={
0x000001cd5dbded40, 0x000001cd5dbdffc0, 0x000001cd5e4f9930, 0x000001cd5e4fc600,
0x000001cd5e4fd760, 0x000001cd5e4febf0, 0x000001cd5e50aaf0, 0x000001cd5e536380,
0x000001cd5e653640, 0x000001cd5e69c500, 0x000001cd5e83aa70, 0x000001cd5e8474b0,
0x000001cd5e847b10, 0x000001cd5e88eb10, 0x000001cd3a5b3090, 0x000001cd5ec7f220
}

Java Threads: ( => current thread )
  0x000001cd5dbded40 JavaThread "Reference Handler" daemon [_thread_blocked, id=1264, stack(0x000000b1b4f00000,0x000000b1b5000000)]
  0x000001cd5dbdffc0 JavaThread "Finalizer" daemon [_thread_blocked, id=23476, stack(0x000000b1b5000000,0x000000b1b5100000)]
  0x000001cd5e4f9930 JavaThread "Signal Dispatcher" daemon [_thread_blocked, id=15340, stack(0x000000b1b5100000,0x000000b1b5200000)]
  0x000001cd5e4fc600 JavaThread "Attach Listener" daemon [_thread_blocked, id=22340, stack(0x000000b1b5200000,0x000000b1b5300000)]
  0x000001cd5e4fd760 JavaThread "Service Thread" daemon [_thread_blocked, id=19792, stack(0x000000b1b5300000,0x000000b1b5400000)]
=>0x000001cd5e4febf0 JavaThread "C2 CompilerThread0" daemon [_thread_in_native, id=20560, stack(0x000000b1b5400000,0x000000b1b5500000)]
  0x000001cd5e50aaf0 JavaThread "C1 CompilerThread0" daemon [_thread_in_native, id=21012, stack(0x000000b1b5500000,0x000000b1b5600000)]
  0x000001cd5e536380 JavaThread "Sweeper thread" daemon [_thread_blocked, id=9312, stack(0x000000b1b5600000,0x000000b1b5700000)]
  0x000001cd5e653640 JavaThread "Notification Thread" daemon [_thread_blocked, id=21396, stack(0x000000b1b5700000,0x000000b1b5800000)]
  0x000001cd5e69c500 JavaThread "Common-Cleaner" daemon [_thread_blocked, id=16576, stack(0x000000b1b5900000,0x000000b1b5a00000)]
  0x000001cd5e83aa70 JavaThread "Java2D Disposer" daemon [_thread_blocked, id=22844, stack(0x000000b1b5a00000,0x000000b1b5b00000)]
  0x000001cd5e8474b0 JavaThread "AWT-Shutdown" [_thread_blocked, id=2452, stack(0x000000b1b5b00000,0x000000b1b5c00000)]
  0x000001cd5e847b10 JavaThread "AWT-Windows" daemon [_thread_in_native, id=812, stack(0x000000b1b5c00000,0x000000b1b5d00000)]
  0x000001cd5e88eb10 JavaThread "AWT-EventQueue-0" [_thread_in_Java, id=9844, stack(0x000000b1b5d00000,0x000000b1b5e00000)]
  0x000001cd3a5b3090 JavaThread "DestroyJavaVM" [_thread_blocked, id=19812, stack(0x000000b1b4800000,0x000000b1b4900000)]
  0x000001cd5ec7f220 JavaThread "Image Fetcher 0" daemon [_thread_blocked, id=7812, stack(0x000000b1b5e00000,0x000000b1b5f00000)]

Other Threads:
  0x000001cd5dbdce10 VMThread "VM Thread" [stack: 0x000000b1b4e00000,0x000000b1b4f00000] [id=5952]
  0x000001cd5e665b00 WatcherThread [stack: 0x000000b1b5800000,0x000000b1b5900000] [id=22724]
  0x000001cd3a6025b0 GCTaskThread "GC Thread#0" [stack: 0x000000b1b4900000,0x000000b1b4a00000] [id=20824]
  0x000001cd3a6142f0 ConcurrentGCThread "G1 Main Marker" [stack: 0x000000b1b4a00000,0x000000b1b4b00000] [id=8996]
  0x000001cd3a615590 ConcurrentGCThread "G1 Conc#0" [stack: 0x000000b1b4b00000,0x000000b1b4c00000] [id=3000]
  0x000001cd3a68d9c0 ConcurrentGCThread "G1 Refine#0" [stack: 0x000000b1b4c00000,0x000000b1b4d00000] [id=19704]
  0x000001cd3a68e370 ConcurrentGCThread "G1 Young RemSet Sampling" [stack: 0x000000b1b4d00000,0x000000b1b4e00000] [id=12184]

Threads with active compile tasks:
C2 CompilerThread0      330  648       4       java.util.HashMap::putVal (300 bytes)
C1 CompilerThread0      330  747       3       java.nio.ByteBuffer::flip (7 bytes)

VM state: not at safepoint (normal execution)

VM Mutex/Monitor currently owned by a thread: None

Heap address: 0x0000000703200000, size: 4046 MB, Compressed Oops mode: Zero based, Oop shift amount: 3
CDS archive(s) mapped at: [0x0000000800000000-0x0000000800b50000-0x0000000800b50000), size 11862016, SharedBaseAddress: 0x0000000800000000, ArchiveRelocationMode: 0.
Compressed class space mapped at: 0x0000000800b50000-0x0000000840b50000, size: 1073741824
Narrow klass base: 0x0000000800000000, Narrow klass shift: 3, Narrow klass range: 0x100000000

GC Precious Log:
 CPUs: 8 total, 8 available
 Memory: 16182M
 Large Page Support: Disabled
 NUMA Support: Disabled
 Compressed Oops: Enabled (Zero based)
 Heap Region Size: 2M
 Heap Min Capacity: 8M
 Heap Initial Capacity: 254M
 Heap Max Capacity: 4046M
 Pre-touch: Disabled
 Parallel Workers: 8
 Concurrent Workers: 2
 Concurrent Refinement Workers: 8
 Periodic GC: Disabled

Heap:
 garbage-first heap   total 260096K, used 6144K [0x0000000703200000, 0x0000000800000000)
  region size 2048K, 4 young (8192K), 0 survivors (0K)
 Metaspace       used 6481K, capacity 6649K, committed 6912K, reserved 1062912K
  class space    used 681K, capacity 737K, committed 768K, reserved 1048576K

Heap Regions: E=young(eden), S=young(survivor), O=old, HS=humongous(starts), HC=humongous(continues), CS=collection set, F=free, OA=open archive, CA=closed archive, TAMS=top-at-mark-start (previous, next)
|   0|0x0000000703200000, 0x0000000703200000, 0x0000000703400000|  0%| F|  |TAMS 0x0000000703200000, 0x0000000703200000| Untracked 
|   1|0x0000000703400000, 0x0000000703400000, 0x0000000703600000|  0%| F|  |TAMS 0x0000000703400000, 0x0000000703400000| Untracked 
|   2|0x0000000703600000, 0x0000000703600000, 0x0000000703800000|  0%| F|  |TAMS 0x0000000703600000, 0x0000000703600000| Untracked 
|   3|0x0000000703800000, 0x0000000703800000, 0x0000000703a00000|  0%| F|  |TAMS 0x0000000703800000, 0x0000000703800000| Untracked 
|   4|0x0000000703a00000, 0x0000000703a00000, 0x0000000703c00000|  0%| F|  |TAMS 0x0000000703a00000, 0x0000000703a00000| Untracked 
|   5|0x0000000703c00000, 0x0000000703c00000, 0x0000000703e00000|  0%| F|  |TAMS 0x0000000703c00000, 0x0000000703c00000| Untracked 
|   6|0x0000000703e00000, 0x0000000703e00000, 0x0000000704000000|  0%| F|  |TAMS 0x0000000703e00000, 0x0000000703e00000| Untracked 
|   7|0x0000000704000000, 0x0000000704000000, 0x0000000704200000|  0%| F|  |TAMS 0x0000000704000000, 0x0000000704000000| Untracked 
|   8|0x0000000704200000, 0x0000000704200000, 0x0000000704400000|  0%| F|  |TAMS 0x0000000704200000, 0x0000000704200000| Untracked 
|   9|0x0000000704400000, 0x0000000704400000, 0x0000000704600000|  0%| F|  |TAMS 0x0000000704400000, 0x0000000704400000| Untracked 
|  10|0x0000000704600000, 0x0000000704600000, 0x0000000704800000|  0%| F|  |TAMS 0x0000000704600000, 0x0000000704600000| Untracked 
|  11|0x0000000704800000, 0x0000000704800000, 0x0000000704a00000|  0%| F|  |TAMS 0x0000000704800000, 0x0000000704800000| Untracked 
|  12|0x0000000704a00000, 0x0000000704a00000, 0x0000000704c00000|  0%| F|  |TAMS 0x0000000704a00000, 0x0000000704a00000| Untracked 
|  13|0x0000000704c00000, 0x0000000704c00000, 0x0000000704e00000|  0%| F|  |TAMS 0x0000000704c00000, 0x0000000704c00000| Untracked 
|  14|0x0000000704e00000, 0x0000000704e00000, 0x0000000705000000|  0%| F|  |TAMS 0x0000000704e00000, 0x0000000704e00000| Untracked 
|  15|0x0000000705000000, 0x0000000705000000, 0x0000000705200000|  0%| F|  |TAMS 0x0000000705000000, 0x0000000705000000| Untracked 
|  16|0x0000000705200000, 0x0000000705200000, 0x0000000705400000|  0%| F|  |TAMS 0x0000000705200000, 0x0000000705200000| Untracked 
|  17|0x0000000705400000, 0x0000000705400000, 0x0000000705600000|  0%| F|  |TAMS 0x0000000705400000, 0x0000000705400000| Untracked 
|  18|0x0000000705600000, 0x0000000705600000, 0x0000000705800000|  0%| F|  |TAMS 0x0000000705600000, 0x0000000705600000| Untracked 
|  19|0x0000000705800000, 0x0000000705800000, 0x0000000705a00000|  0%| F|  |TAMS 0x0000000705800000, 0x0000000705800000| Untracked 
|  20|0x0000000705a00000, 0x0000000705a00000, 0x0000000705c00000|  0%| F|  |TAMS 0x0000000705a00000, 0x0000000705a00000| Untracked 
|  21|0x0000000705c00000, 0x0000000705c00000, 0x0000000705e00000|  0%| F|  |TAMS 0x0000000705c00000, 0x0000000705c00000| Untracked 
|  22|0x0000000705e00000, 0x0000000705e00000, 0x0000000706000000|  0%| F|  |TAMS 0x0000000705e00000, 0x0000000705e00000| Untracked 
|  23|0x0000000706000000, 0x0000000706000000, 0x0000000706200000|  0%| F|  |TAMS 0x0000000706000000, 0x0000000706000000| Untracked 
|  24|0x0000000706200000, 0x0000000706200000, 0x0000000706400000|  0%| F|  |TAMS 0x0000000706200000, 0x0000000706200000| Untracked 
|  25|0x0000000706400000, 0x0000000706400000, 0x0000000706600000|  0%| F|  |TAMS 0x0000000706400000, 0x0000000706400000| Untracked 
|  26|0x0000000706600000, 0x0000000706600000, 0x0000000706800000|  0%| F|  |TAMS 0x0000000706600000, 0x0000000706600000| Untracked 
|  27|0x0000000706800000, 0x0000000706800000, 0x0000000706a00000|  0%| F|  |TAMS 0x0000000706800000, 0x0000000706800000| Untracked 
|  28|0x0000000706a00000, 0x0000000706a00000, 0x0000000706c00000|  0%| F|  |TAMS 0x0000000706a00000, 0x0000000706a00000| Untracked 
|  29|0x0000000706c00000, 0x0000000706c00000, 0x0000000706e00000|  0%| F|  |TAMS 0x0000000706c00000, 0x0000000706c00000| Untracked 
|  30|0x0000000706e00000, 0x0000000706e00000, 0x0000000707000000|  0%| F|  |TAMS 0x0000000706e00000, 0x0000000706e00000| Untracked 
|  31|0x0000000707000000, 0x0000000707000000, 0x0000000707200000|  0%| F|  |TAMS 0x0000000707000000, 0x0000000707000000| Untracked 
|  32|0x0000000707200000, 0x0000000707200000, 0x0000000707400000|  0%| F|  |TAMS 0x0000000707200000, 0x0000000707200000| Untracked 
|  33|0x0000000707400000, 0x0000000707400000, 0x0000000707600000|  0%| F|  |TAMS 0x0000000707400000, 0x0000000707400000| Untracked 
|  34|0x0000000707600000, 0x0000000707600000, 0x0000000707800000|  0%| F|  |TAMS 0x0000000707600000, 0x0000000707600000| Untracked 
|  35|0x0000000707800000, 0x0000000707800000, 0x0000000707a00000|  0%| F|  |TAMS 0x0000000707800000, 0x0000000707800000| Untracked 
|  36|0x0000000707a00000, 0x0000000707a00000, 0x0000000707c00000|  0%| F|  |TAMS 0x0000000707a00000, 0x0000000707a00000| Untracked 
|  37|0x0000000707c00000, 0x0000000707c00000, 0x0000000707e00000|  0%| F|  |TAMS 0x0000000707c00000, 0x0000000707c00000| Untracked 
|  38|0x0000000707e00000, 0x0000000707e00000, 0x0000000708000000|  0%| F|  |TAMS 0x0000000707e00000, 0x0000000707e00000| Untracked 
|  39|0x0000000708000000, 0x0000000708000000, 0x0000000708200000|  0%| F|  |TAMS 0x0000000708000000, 0x0000000708000000| Untracked 
|  40|0x0000000708200000, 0x0000000708200000, 0x0000000708400000|  0%| F|  |TAMS 0x0000000708200000, 0x0000000708200000| Untracked 
|  41|0x0000000708400000, 0x0000000708400000, 0x0000000708600000|  0%| F|  |TAMS 0x0000000708400000, 0x0000000708400000| Untracked 
|  42|0x0000000708600000, 0x0000000708600000, 0x0000000708800000|  0%| F|  |TAMS 0x0000000708600000, 0x0000000708600000| Untracked 
|  43|0x0000000708800000, 0x0000000708800000, 0x0000000708a00000|  0%| F|  |TAMS 0x0000000708800000, 0x0000000708800000| Untracked 
|  44|0x0000000708a00000, 0x0000000708a00000, 0x0000000708c00000|  0%| F|  |TAMS 0x0000000708a00000, 0x0000000708a00000| Untracked 
|  45|0x0000000708c00000, 0x0000000708c00000, 0x0000000708e00000|  0%| F|  |TAMS 0x0000000708c00000, 0x0000000708c00000| Untracked 
|  46|0x0000000708e00000, 0x0000000708e00000, 0x0000000709000000|  0%| F|  |TAMS 0x0000000708e00000, 0x0000000708e00000| Untracked 
|  47|0x0000000709000000, 0x0000000709000000, 0x0000000709200000|  0%| F|  |TAMS 0x0000000709000000, 0x0000000709000000| Untracked 
|  48|0x0000000709200000, 0x0000000709200000, 0x0000000709400000|  0%| F|  |TAMS 0x0000000709200000, 0x0000000709200000| Untracked 
|  49|0x0000000709400000, 0x0000000709400000, 0x0000000709600000|  0%| F|  |TAMS 0x0000000709400000, 0x0000000709400000| Untracked 
|  50|0x0000000709600000, 0x0000000709600000, 0x0000000709800000|  0%| F|  |TAMS 0x0000000709600000, 0x0000000709600000| Untracked 
|  51|0x0000000709800000, 0x0000000709800000, 0x0000000709a00000|  0%| F|  |TAMS 0x0000000709800000, 0x0000000709800000| Untracked 
|  52|0x0000000709a00000, 0x0000000709a00000, 0x0000000709c00000|  0%| F|  |TAMS 0x0000000709a00000, 0x0000000709a00000| Untracked 
|  53|0x0000000709c00000, 0x0000000709c00000, 0x0000000709e00000|  0%| F|  |TAMS 0x0000000709c00000, 0x0000000709c00000| Untracked 
|  54|0x0000000709e00000, 0x0000000709e00000, 0x000000070a000000|  0%| F|  |TAMS 0x0000000709e00000, 0x0000000709e00000| Untracked 
|  55|0x000000070a000000, 0x000000070a000000, 0x000000070a200000|  0%| F|  |TAMS 0x000000070a000000, 0x000000070a000000| Untracked 
|  56|0x000000070a200000, 0x000000070a200000, 0x000000070a400000|  0%| F|  |TAMS 0x000000070a200000, 0x000000070a200000| Untracked 
|  57|0x000000070a400000, 0x000000070a400000, 0x000000070a600000|  0%| F|  |TAMS 0x000000070a400000, 0x000000070a400000| Untracked 
|  58|0x000000070a600000, 0x000000070a600000, 0x000000070a800000|  0%| F|  |TAMS 0x000000070a600000, 0x000000070a600000| Untracked 
|  59|0x000000070a800000, 0x000000070a800000, 0x000000070aa00000|  0%| F|  |TAMS 0x000000070a800000, 0x000000070a800000| Untracked 
|  60|0x000000070aa00000, 0x000000070aa00000, 0x000000070ac00000|  0%| F|  |TAMS 0x000000070aa00000, 0x000000070aa00000| Untracked 
|  61|0x000000070ac00000, 0x000000070ac00000, 0x000000070ae00000|  0%| F|  |TAMS 0x000000070ac00000, 0x000000070ac00000| Untracked 
|  62|0x000000070ae00000, 0x000000070ae00000, 0x000000070b000000|  0%| F|  |TAMS 0x000000070ae00000, 0x000000070ae00000| Untracked 
|  63|0x000000070b000000, 0x000000070b000000, 0x000000070b200000|  0%| F|  |TAMS 0x000000070b000000, 0x000000070b000000| Untracked 
|  64|0x000000070b200000, 0x000000070b200000, 0x000000070b400000|  0%| F|  |TAMS 0x000000070b200000, 0x000000070b200000| Untracked 
|  65|0x000000070b400000, 0x000000070b400000, 0x000000070b600000|  0%| F|  |TAMS 0x000000070b400000, 0x000000070b400000| Untracked 
|  66|0x000000070b600000, 0x000000070b600000, 0x000000070b800000|  0%| F|  |TAMS 0x000000070b600000, 0x000000070b600000| Untracked 
|  67|0x000000070b800000, 0x000000070b800000, 0x000000070ba00000|  0%| F|  |TAMS 0x000000070b800000, 0x000000070b800000| Untracked 
|  68|0x000000070ba00000, 0x000000070ba00000, 0x000000070bc00000|  0%| F|  |TAMS 0x000000070ba00000, 0x000000070ba00000| Untracked 
|  69|0x000000070bc00000, 0x000000070bc00000, 0x000000070be00000|  0%| F|  |TAMS 0x000000070bc00000, 0x000000070bc00000| Untracked 
|  70|0x000000070be00000, 0x000000070be00000, 0x000000070c000000|  0%| F|  |TAMS 0x000000070be00000, 0x000000070be00000| Untracked 
|  71|0x000000070c000000, 0x000000070c000000, 0x000000070c200000|  0%| F|  |TAMS 0x000000070c000000, 0x000000070c000000| Untracked 
|  72|0x000000070c200000, 0x000000070c200000, 0x000000070c400000|  0%| F|  |TAMS 0x000000070c200000, 0x000000070c200000| Untracked 
|  73|0x000000070c400000, 0x000000070c400000, 0x000000070c600000|  0%| F|  |TAMS 0x000000070c400000, 0x000000070c400000| Untracked 
|  74|0x000000070c600000, 0x000000070c600000, 0x000000070c800000|  0%| F|  |TAMS 0x000000070c600000, 0x000000070c600000| Untracked 
|  75|0x000000070c800000, 0x000000070c800000, 0x000000070ca00000|  0%| F|  |TAMS 0x000000070c800000, 0x000000070c800000| Untracked 
|  76|0x000000070ca00000, 0x000000070ca00000, 0x000000070cc00000|  0%| F|  |TAMS 0x000000070ca00000, 0x000000070ca00000| Untracked 
|  77|0x000000070cc00000, 0x000000070cc00000, 0x000000070ce00000|  0%| F|  |TAMS 0x000000070cc00000, 0x000000070cc00000| Untracked 
|  78|0x000000070ce00000, 0x000000070ce00000, 0x000000070d000000|  0%| F|  |TAMS 0x000000070ce00000, 0x000000070ce00000| Untracked 
|  79|0x000000070d000000, 0x000000070d000000, 0x000000070d200000|  0%| F|  |TAMS 0x000000070d000000, 0x000000070d000000| Untracked 
|  80|0x000000070d200000, 0x000000070d200000, 0x000000070d400000|  0%| F|  |TAMS 0x000000070d200000, 0x000000070d200000| Untracked 
|  81|0x000000070d400000, 0x000000070d400000, 0x000000070d600000|  0%| F|  |TAMS 0x000000070d400000, 0x000000070d400000| Untracked 
|  82|0x000000070d600000, 0x000000070d600000, 0x000000070d800000|  0%| F|  |TAMS 0x000000070d600000, 0x000000070d600000| Untracked 
|  83|0x000000070d800000, 0x000000070d800000, 0x000000070da00000|  0%| F|  |TAMS 0x000000070d800000, 0x000000070d800000| Untracked 
|  84|0x000000070da00000, 0x000000070da00000, 0x000000070dc00000|  0%| F|  |TAMS 0x000000070da00000, 0x000000070da00000| Untracked 
|  85|0x000000070dc00000, 0x000000070dc00000, 0x000000070de00000|  0%| F|  |TAMS 0x000000070dc00000, 0x000000070dc00000| Untracked 
|  86|0x000000070de00000, 0x000000070de00000, 0x000000070e000000|  0%| F|  |TAMS 0x000000070de00000, 0x000000070de00000| Untracked 
|  87|0x000000070e000000, 0x000000070e000000, 0x000000070e200000|  0%| F|  |TAMS 0x000000070e000000, 0x000000070e000000| Untracked 
|  88|0x000000070e200000, 0x000000070e200000, 0x000000070e400000|  0%| F|  |TAMS 0x000000070e200000, 0x000000070e200000| Untracked 
|  89|0x000000070e400000, 0x000000070e400000, 0x000000070e600000|  0%| F|  |TAMS 0x000000070e400000, 0x000000070e400000| Untracked 
|  90|0x000000070e600000, 0x000000070e600000, 0x000000070e800000|  0%| F|  |TAMS 0x000000070e600000, 0x000000070e600000| Untracked 
|  91|0x000000070e800000, 0x000000070e800000, 0x000000070ea00000|  0%| F|  |TAMS 0x000000070e800000, 0x000000070e800000| Untracked 
|  92|0x000000070ea00000, 0x000000070ea00000, 0x000000070ec00000|  0%| F|  |TAMS 0x000000070ea00000, 0x000000070ea00000| Untracked 
|  93|0x000000070ec00000, 0x000000070ec00000, 0x000000070ee00000|  0%| F|  |TAMS 0x000000070ec00000, 0x000000070ec00000| Untracked 
|  94|0x000000070ee00000, 0x000000070ee00000, 0x000000070f000000|  0%| F|  |TAMS 0x000000070ee00000, 0x000000070ee00000| Untracked 
|  95|0x000000070f000000, 0x000000070f000000, 0x000000070f200000|  0%| F|  |TAMS 0x000000070f000000, 0x000000070f000000| Untracked 
|  96|0x000000070f200000, 0x000000070f200000, 0x000000070f400000|  0%| F|  |TAMS 0x000000070f200000, 0x000000070f200000| Untracked 
|  97|0x000000070f400000, 0x000000070f400000, 0x000000070f600000|  0%| F|  |TAMS 0x000000070f400000, 0x000000070f400000| Untracked 
|  98|0x000000070f600000, 0x000000070f600000, 0x000000070f800000|  0%| F|  |TAMS 0x000000070f600000, 0x000000070f600000| Untracked 
|  99|0x000000070f800000, 0x000000070f800000, 0x000000070fa00000|  0%| F|  |TAMS 0x000000070f800000, 0x000000070f800000| Untracked 
| 100|0x000000070fa00000, 0x000000070fa00000, 0x000000070fc00000|  0%| F|  |TAMS 0x000000070fa00000, 0x000000070fa00000| Untracked 
| 101|0x000000070fc00000, 0x000000070fc00000, 0x000000070fe00000|  0%| F|  |TAMS 0x000000070fc00000, 0x000000070fc00000| Untracked 
| 102|0x000000070fe00000, 0x000000070fe00000, 0x0000000710000000|  0%| F|  |TAMS 0x000000070fe00000, 0x000000070fe00000| Untracked 
| 103|0x0000000710000000, 0x0000000710000000, 0x0000000710200000|  0%| F|  |TAMS 0x0000000710000000, 0x0000000710000000| Untracked 
| 104|0x0000000710200000, 0x0000000710200000, 0x0000000710400000|  0%| F|  |TAMS 0x0000000710200000, 0x0000000710200000| Untracked 
| 105|0x0000000710400000, 0x0000000710400000, 0x0000000710600000|  0%| F|  |TAMS 0x0000000710400000, 0x0000000710400000| Untracked 
| 106|0x0000000710600000, 0x0000000710600000, 0x0000000710800000|  0%| F|  |TAMS 0x0000000710600000, 0x0000000710600000| Untracked 
| 107|0x0000000710800000, 0x0000000710800000, 0x0000000710a00000|  0%| F|  |TAMS 0x0000000710800000, 0x0000000710800000| Untracked 
| 108|0x0000000710a00000, 0x0000000710a00000, 0x0000000710c00000|  0%| F|  |TAMS 0x0000000710a00000, 0x0000000710a00000| Untracked 
| 109|0x0000000710c00000, 0x0000000710c00000, 0x0000000710e00000|  0%| F|  |TAMS 0x0000000710c00000, 0x0000000710c00000| Untracked 
| 110|0x0000000710e00000, 0x0000000710e00000, 0x0000000711000000|  0%| F|  |TAMS 0x0000000710e00000, 0x0000000710e00000| Untracked 
| 111|0x0000000711000000, 0x0000000711000000, 0x0000000711200000|  0%| F|  |TAMS 0x0000000711000000, 0x0000000711000000| Untracked 
| 112|0x0000000711200000, 0x0000000711200000, 0x0000000711400000|  0%| F|  |TAMS 0x0000000711200000, 0x0000000711200000| Untracked 
| 113|0x0000000711400000, 0x0000000711400000, 0x0000000711600000|  0%| F|  |TAMS 0x0000000711400000, 0x0000000711400000| Untracked 
| 114|0x0000000711600000, 0x0000000711600000, 0x0000000711800000|  0%| F|  |TAMS 0x0000000711600000, 0x0000000711600000| Untracked 
| 115|0x0000000711800000, 0x0000000711800000, 0x0000000711a00000|  0%| F|  |TAMS 0x0000000711800000, 0x0000000711800000| Untracked 
| 116|0x0000000711a00000, 0x0000000711a00000, 0x0000000711c00000|  0%| F|  |TAMS 0x0000000711a00000, 0x0000000711a00000| Untracked 
| 117|0x0000000711c00000, 0x0000000711c00000, 0x0000000711e00000|  0%| F|  |TAMS 0x0000000711c00000, 0x0000000711c00000| Untracked 
| 118|0x0000000711e00000, 0x0000000711e00000, 0x0000000712000000|  0%| F|  |TAMS 0x0000000711e00000, 0x0000000711e00000| Untracked 
| 119|0x0000000712000000, 0x0000000712000000, 0x0000000712200000|  0%| F|  |TAMS 0x0000000712000000, 0x0000000712000000| Untracked 
| 120|0x0000000712200000, 0x0000000712200000, 0x0000000712400000|  0%| F|  |TAMS 0x0000000712200000, 0x0000000712200000| Untracked 
| 121|0x0000000712400000, 0x0000000712400000, 0x0000000712600000|  0%| F|  |TAMS 0x0000000712400000, 0x0000000712400000| Untracked 
| 122|0x0000000712600000, 0x0000000712600000, 0x0000000712800000|  0%| F|  |TAMS 0x0000000712600000, 0x0000000712600000| Untracked 
| 123|0x0000000712800000, 0x0000000712956ce0, 0x0000000712a00000| 66%| E|  |TAMS 0x0000000712800000, 0x0000000712800000| Complete 
| 124|0x0000000712a00000, 0x0000000712c00000, 0x0000000712c00000|100%| E|CS|TAMS 0x0000000712a00000, 0x0000000712a00000| Complete 
| 125|0x0000000712c00000, 0x0000000712e00000, 0x0000000712e00000|100%| E|CS|TAMS 0x0000000712c00000, 0x0000000712c00000| Complete 
| 126|0x0000000712e00000, 0x0000000713000000, 0x0000000713000000|100%| E|CS|TAMS 0x0000000712e00000, 0x0000000712e00000| Complete 

Card table byte_map: [0x000001cd52310000,0x000001cd52b00000] _byte_map_base: 0x000001cd4eaf7000

Marking Bits (Prev, Next): (CMBitMap*) 0x000001cd3a603cc0, (CMBitMap*) 0x000001cd3a603d00
 Prev Bits: [0x000001cd532f0000, 0x000001cd57228000)
 Next Bits: [0x000001cd57230000, 0x000001cd5b168000)

Polling page: 0x000001cd39d90000

Metaspace:

Usage:
  Non-class:      5.77 MB capacity,     5.69 MB ( 99%) used,    76.54 KB (  1%) free+waste,     9.69 KB ( <1%) overhead. 
      Class:    737.00 KB capacity,   683.84 KB ( 93%) used,    48.78 KB (  7%) free+waste,     4.38 KB ( <1%) overhead. 
       Both:      6.49 MB capacity,     6.36 MB ( 98%) used,   125.32 KB (  2%) free+waste,    14.06 KB ( <1%) overhead. 

Virtual space:
  Non-class space:       14.00 MB reserved,       6.00 MB ( 43%) committed 
      Class space:        1.00 GB reserved,     768.00 KB ( <1%) committed 
             Both:        1.01 GB reserved,       6.75 MB ( <1%) committed 

Chunk freelists:
   Non-Class:  40.00 KB
       Class:  31.00 KB
        Both:  71.00 KB

MaxMetaspaceSize: 17179869184.00 GB
CompressedClassSpaceSize: 1.00 GB

CodeHeap 'non-profiled nmethods': size=120000Kb used=195Kb max_used=195Kb free=119805Kb
 bounds [0x000001cd4a2c0000, 0x000001cd4a530000, 0x000001cd517f0000]
CodeHeap 'profiled nmethods': size=120000Kb used=1071Kb max_used=1071Kb free=118928Kb
 bounds [0x000001cd42d90000, 0x000001cd43000000, 0x000001cd4a2c0000]
CodeHeap 'non-nmethods': size=5760Kb used=1255Kb max_used=1272Kb free=4504Kb
 bounds [0x000001cd427f0000, 0x000001cd42a60000, 0x000001cd42d90000]
 total_blobs=1294 nmethods=757 adapters=450
 compilation: enabled
              stopped_count=0, restarted_count=0
 full_count=0

Compilation events (20 events):
Event: 0.311 Thread 0x000001cd5e50aaf0 nmethod 694 0x000001cd42e7f990 code [0x000001cd42e7fb40, 0x000001cd42e7fd48]
Event: 0.311 Thread 0x000001cd5e50aaf0  690       1       javax.swing.JLabel::getUIClassID (3 bytes)
Event: 0.311 Thread 0x000001cd5e50aaf0 nmethod 690 0x000001cd4a2ed490 code [0x000001cd4a2ed620, 0x000001cd4a2ed6d8]
Event: 0.311 Thread 0x000001cd5e50aaf0  692       1       javax.swing.GroupLayout$ComponentInfo::isVisible (5 bytes)
Event: 0.311 Thread 0x000001cd5e50aaf0 nmethod 692 0x000001cd4a2ed790 code [0x000001cd4a2ed920, 0x000001cd4a2ed9d8]
Event: 0.312 Thread 0x000001cd5e50aaf0  695       3       javax.swing.GroupLayout$Spring::getMinimumSize (27 bytes)
Event: 0.312 Thread 0x000001cd5e50aaf0 nmethod 695 0x000001cd42e7fe10 code [0x000001cd42e7ffc0, 0x000001cd42e80368]
Event: 0.312 Thread 0x000001cd5e50aaf0  696       1       javax.swing.JPanel::getUIClassID (3 bytes)
Event: 0.312 Thread 0x000001cd5e50aaf0 nmethod 696 0x000001cd4a2eda90 code [0x000001cd4a2edc20, 0x000001cd4a2edcd8]
Event: 0.312 Thread 0x000001cd5e50aaf0  699       3       javax.swing.GroupLayout$Group::calculatePreferredSize (7 bytes)
Event: 0.312 Thread 0x000001cd5e50aaf0 nmethod 699 0x000001cd42e80490 code [0x000001cd42e80640, 0x000001cd42e80808]
Event: 0.312 Thread 0x000001cd5e50aaf0  697       1       javax.swing.GroupLayout$ComponentSpring::getOrigin (5 bytes)
Event: 0.312 Thread 0x000001cd5e50aaf0 nmethod 697 0x000001cd4a2edd90 code [0x000001cd4a2edf20, 0x000001cd4a2edfd8]
Event: 0.312 Thread 0x000001cd5e50aaf0  700       1       javax.swing.GroupLayout$Spring::getAlignment (5 bytes)
Event: 0.312 Thread 0x000001cd5e50aaf0 nmethod 700 0x000001cd4a2ee090 code [0x000001cd4a2ee220, 0x000001cd4a2ee2d8]
Event: 0.312 Thread 0x000001cd5e50aaf0  698       1       java.awt.Component::isVisible_NoClientCode (5 bytes)
Event: 0.312 Thread 0x000001cd5e50aaf0 nmethod 698 0x000001cd4a2ee390 code [0x000001cd4a2ee520, 0x000001cd4a2ee5d8]
Event: 0.312 Thread 0x000001cd5e50aaf0  701       3       javax.swing.GroupLayout$Group::unsetAutopadding (69 bytes)
Event: 0.313 Thread 0x000001cd5e50aaf0 nmethod 701 0x000001cd42e80890 code [0x000001cd42e80aa0, 0x000001cd42e814e8]
Event: 0.313 Thread 0x000001cd5e50aaf0  702       3       javax.swing.GroupLayout$Group::calculateAutopadding (78 bytes)

GC Heap History (0 events):
No events

Deoptimization events (8 events):
Event: 0.048 Thread 0x000001cd3a5b3090 Uncommon trap: trap_request=0xffffff45 fr.pc=0x000001cd4a2c4048 relative=0x0000000000000228
Event: 0.048 Thread 0x000001cd3a5b3090 Uncommon trap: reason=unstable_if action=reinterpret pc=0x000001cd4a2c4048 method=java.lang.String.hashCode()I @ 13 c2
Event: 0.048 Thread 0x000001cd3a5b3090 DEOPT PACKING pc=0x000001cd4a2c4048 sp=0x000000b1b48fe250
Event: 0.048 Thread 0x000001cd3a5b3090 DEOPT UNPACKING pc=0x000001cd4283e42f sp=0x000000b1b48fe1e8 mode 2
Event: 0.223 Thread 0x000001cd5e88eb10 Uncommon trap: trap_request=0xffffff45 fr.pc=0x000001cd4a2de328 relative=0x0000000000000188
Event: 0.223 Thread 0x000001cd5e88eb10 Uncommon trap: reason=unstable_if action=reinterpret pc=0x000001cd4a2de328 method=java.lang.String.equals(Ljava/lang/Object;)Z @ 33 c2
Event: 0.223 Thread 0x000001cd5e88eb10 DEOPT PACKING pc=0x000001cd4a2de328 sp=0x000000b1b5dfebd0
Event: 0.223 Thread 0x000001cd5e88eb10 DEOPT UNPACKING pc=0x000001cd4283e42f sp=0x000000b1b5dfeb70 mode 2

Classes unloaded (0 events):
No events

Classes redefined (0 events):
No events

Internal exceptions (13 events):
Event: 0.049 Thread 0x000001cd3a5b3090 Exception <a 'java/lang/ClassNotFoundException'{0x0000000712f22258}: sun/awt/resources/spi/awtProvider> (0x0000000712f22258) 
thrown [./open/src/hotspot/share/classfile/systemDictionary.cpp, line 295]
Event: 0.074 Thread 0x000001cd3a5b3090 Exception <a 'java/io/FileNotFoundException'{0x0000000712f834f8}> (0x0000000712f834f8) 
thrown [./open/src/hotspot/share/prims/jni.cpp, line 578]
Event: 0.081 Thread 0x000001cd3a5b3090 Exception <a 'java/io/FileNotFoundException'{0x0000000712fb1d88}> (0x0000000712fb1d88) 
thrown [./open/src/hotspot/share/prims/jni.cpp, line 578]
Event: 0.082 Thread 0x000001cd3a5b3090 Exception <a 'java/lang/NoSuchMethodError'{0x0000000712fb3090}: 'java.lang.Object java.lang.invoke.DirectMethodHandle$Holder.invokeStatic(java.lang.Object)'> (0x0000000712fb3090) 
thrown [./open/src/hotspot/share/interpreter/linkResolver.cpp, line 782]
Event: 0.087 Thread 0x000001cd3a5b3090 Exception <a 'java/lang/NoSuchMethodError'{0x0000000712fc1108}: 'void java.lang.invoke.DirectMethodHandle$Holder.invokeSpecial(java.lang.Object, java.lang.Object, java.lang.Object)'> (0x0000000712fc1108) 
thrown [./open/src/hotspot/share/interpreter/linkResolver.cpp, line 782]
Event: 0.124 Thread 0x000001cd3a5b3090 Exception <a 'java/lang/NoSuchMethodError'{0x0000000712c443d8}: 'java.lang.Object java.lang.invoke.DirectMethodHandle$Holder.invokeStaticInit(java.lang.Object)'> (0x0000000712c443d8) 
thrown [./open/src/hotspot/share/interpreter/linkResolver.cpp, line 782]
Event: 0.176 Thread 0x000001cd5e88eb10 Exception <a 'java/lang/NoSuchMethodError'{0x0000000712ded7b0}: 'java.lang.Object java.lang.invoke.DirectMethodHandle$Holder.newInvokeSpecial(java.lang.Object, java.lang.Object, java.lang.Object, java.lang.Object, java.lang.Object)'> (0x0000000712ded7b0) 
thrown [./open/src/hotspot/share/interpreter/linkResolver.cpp, line 782]
Event: 0.178 Thread 0x000001cd5e88eb10 Exception <a 'java/lang/NoSuchMethodError'{0x0000000712df9240}: 'java.lang.Object java.lang.invoke.DirectMethodHandle$Holder.invokeStatic(java.lang.Object, int, java.lang.Object, java.lang.Object, java.lang.Object, java.lang.Object)'> (0x0000000712df9240) 
thrown [./open/src/hotspot/share/interpreter/linkResolver.cpp, line 782]
Event: 0.182 Thread 0x000001cd5e88eb10 Exception <a 'java/lang/NoSuchMethodError'{0x0000000712a1f988}: 'java.lang.Object java.lang.invoke.DirectMethodHandle$Holder.invokeStatic(java.lang.Object, int, java.lang.Object)'> (0x0000000712a1f988) 
thrown [./open/src/hotspot/share/interpreter/linkResolver.cpp, line 782]
Event: 0.200 Thread 0x000001cd5e88eb10 Exception <a 'java/lang/ClassNotFoundException'{0x0000000712ad7a60}: com/sun/swing/internal/plaf/metal/resources/spi/metalProvider> (0x0000000712ad7a60) 
thrown [./open/src/hotspot/share/classfile/systemDictionary.cpp, line 295]
Event: 0.201 Thread 0x000001cd5e88eb10 Exception <a 'java/lang/ClassNotFoundException'{0x0000000712adbd50}: com/sun/swing/internal/plaf/basic/resources/spi/basicProvider> (0x0000000712adbd50) 
thrown [./open/src/hotspot/share/classfile/systemDictionary.cpp, line 295]
Event: 0.213 Thread 0x000001cd5ec7f220 Exception <a 'java/lang/NoSuchMethodError'{0x0000000712b63aa0}: 'java.lang.Object java.lang.invoke.DirectMethodHandle$Holder.newInvokeSpecial(java.lang.Object, java.lang.Object, java.lang.Object, int, int, int, int, int)'> (0x0000000712b63aa0) 
thrown [./open/src/hotspot/share/interpreter/linkResolver.cpp, line 782]
Event: 0.239 Thread 0x000001cd5e88eb10 Exception <a 'java/lang/NoSuchMethodError'{0x0000000712b23f08}: 'void java.lang.invoke.DirectMethodHandle$Holder.invokeStaticInit(java.lang.Object)'> (0x0000000712b23f08) 
thrown [./open/src/hotspot/share/interpreter/linkResolver.cpp, line 782]

Events (20 events):
Event: 0.279 loading class javax/swing/GroupLayout$SpringDelta
Event: 0.279 loading class javax/swing/GroupLayout$SpringDelta done
Event: 0.284 loading class sun/font/SunFontManager$FamilyDescription
Event: 0.284 loading class sun/font/SunFontManager$FamilyDescription done
Event: 0.298 loading class sun/font/SunFontManager$4
Event: 0.298 loading class sun/font/SunFontManager$4 done
Event: 0.309 loading class javax/swing/plaf/metal/MetalLookAndFeel$1
Event: 0.309 loading class javax/swing/plaf/metal/MetalLookAndFeel$1 done
Event: 0.310 loading class java/awt/event/WindowEvent
Event: 0.310 loading class java/awt/event/WindowEvent done
Event: 0.310 loading class java/awt/SequencedEvent
Event: 0.311 loading class java/awt/SequencedEvent done
Event: 0.311 loading class java/awt/SequencedEvent$1
Event: 0.311 loading class sun/awt/AWTAccessor$SequencedEventAccessor
Event: 0.311 loading class sun/awt/AWTAccessor$SequencedEventAccessor done
Event: 0.311 loading class java/awt/SequencedEvent$1 done
Event: 0.311 loading class java/awt/SequencedEvent$2
Event: 0.311 loading class java/awt/SequencedEvent$2 done
Event: 0.311 loading class java/lang/IllegalAccessException
Event: 0.311 loading class java/lang/IllegalAccessException done


Dynamic libraries:
0x00007ff7a56f0000 - 0x00007ff7a56ff000 	C:\Program Files\Java\jdk-15.0.2\bin\java.exe
0x00007ffd38b50000 - 0x00007ffd38d45000 	C:\WINDOWS\SYSTEM32\ntdll.dll
0x00007ffd36d60000 - 0x00007ffd36e1d000 	C:\WINDOWS\System32\KERNEL32.DLL
0x00007ffd365d0000 - 0x00007ffd36898000 	C:\WINDOWS\System32\KERNELBASE.dll
0x00007ffd36290000 - 0x00007ffd36390000 	C:\WINDOWS\System32\ucrtbase.dll
0x00007ffd22ee0000 - 0x00007ffd22ef9000 	C:\Program Files\Java\jdk-15.0.2\bin\VCRUNTIME140.dll
0x00007ffd23750000 - 0x00007ffd23768000 	C:\Program Files\Java\jdk-15.0.2\bin\jli.dll
0x00007ffd36ef0000 - 0x00007ffd36f9c000 	C:\WINDOWS\System32\ADVAPI32.dll
0x00007ffd38710000 - 0x00007ffd387ae000 	C:\WINDOWS\System32\msvcrt.dll
0x00007ffd371b0000 - 0x00007ffd3724b000 	C:\WINDOWS\System32\sechost.dll
0x00007ffd37010000 - 0x00007ffd3713b000 	C:\WINDOWS\System32\RPCRT4.dll
0x00007ffd38200000 - 0x00007ffd383a0000 	C:\WINDOWS\System32\USER32.dll
0x00007ffd36390000 - 0x00007ffd363b2000 	C:\WINDOWS\System32\win32u.dll
0x00007ffd1fd40000 - 0x00007ffd1ffda000 	C:\WINDOWS\WinSxS\amd64_microsoft.windows.common-controls_6595b64144ccf1df_6.0.19041.844_none_ca00b6081b84eb1d\COMCTL32.dll
0x00007ffd37260000 - 0x00007ffd3728a000 	C:\WINDOWS\System32\GDI32.dll
0x00007ffd36aa0000 - 0x00007ffd36bab000 	C:\WINDOWS\System32\gdi32full.dll
0x00007ffd36950000 - 0x00007ffd369ed000 	C:\WINDOWS\System32\msvcp_win.dll
0x00007ffd2c5d0000 - 0x00007ffd2c5da000 	C:\WINDOWS\SYSTEM32\VERSION.dll
0x00007ffd386e0000 - 0x00007ffd38710000 	C:\WINDOWS\System32\IMM32.DLL
0x00007ffd24ad0000 - 0x00007ffd24adc000 	C:\Program Files\Java\jdk-15.0.2\bin\vcruntime140_1.dll
0x00007ffd1e9e0000 - 0x00007ffd1ea71000 	C:\Program Files\Java\jdk-15.0.2\bin\msvcp140.dll
0x00007ffca41d0000 - 0x00007ffca4d2e000 	C:\Program Files\Java\jdk-15.0.2\bin\server\jvm.dll
0x00007ffd37250000 - 0x00007ffd37258000 	C:\WINDOWS\System32\PSAPI.DLL
0x00007ffd10d80000 - 0x00007ffd10da7000 	C:\WINDOWS\SYSTEM32\WINMM.dll
0x00007ffd24c80000 - 0x00007ffd24c89000 	C:\WINDOWS\SYSTEM32\WSOCK32.dll
0x00007ffd36fa0000 - 0x00007ffd3700b000 	C:\WINDOWS\System32\WS2_32.dll
0x00007ffd34b40000 - 0x00007ffd34b52000 	C:\WINDOWS\SYSTEM32\kernel.appcore.dll
0x00007ffd23740000 - 0x00007ffd2374a000 	C:\Program Files\Java\jdk-15.0.2\bin\jimage.dll
0x00007ffd34930000 - 0x00007ffd34b14000 	C:\WINDOWS\SYSTEM32\DBGHELP.DLL
0x00007ffd21240000 - 0x00007ffd2126c000 	C:\WINDOWS\SYSTEM32\dbgcore.DLL
0x00007ffd363c0000 - 0x00007ffd36440000 	C:\WINDOWS\System32\bcryptPrimitives.dll
0x00007ffd21c20000 - 0x00007ffd21c45000 	C:\Program Files\Java\jdk-15.0.2\bin\java.dll
0x00007ffd37290000 - 0x00007ffd379d2000 	C:\WINDOWS\System32\SHELL32.dll
0x00007ffd340d0000 - 0x00007ffd34860000 	C:\WINDOWS\SYSTEM32\windows.storage.dll
0x00007ffd387b0000 - 0x00007ffd38b05000 	C:\WINDOWS\System32\combase.dll
0x00007ffd35d00000 - 0x00007ffd35d2c000 	C:\WINDOWS\SYSTEM32\Wldp.dll
0x00007ffd38430000 - 0x00007ffd384de000 	C:\WINDOWS\System32\SHCORE.dll
0x00007ffd381a0000 - 0x00007ffd381f5000 	C:\WINDOWS\System32\shlwapi.dll
0x00007ffd361d0000 - 0x00007ffd361ef000 	C:\WINDOWS\SYSTEM32\profapi.dll
0x00007ffccf7f0000 - 0x00007ffccf970000 	C:\Program Files\Java\jdk-15.0.2\bin\awt.dll
0x00007ffd36e20000 - 0x00007ffd36eed000 	C:\WINDOWS\System32\OLEAUT32.dll
0x00007ffd2fce0000 - 0x00007ffd2fd70000 	C:\WINDOWS\SYSTEM32\apphelp.dll
0x00007ffd22e90000 - 0x00007ffd22ea9000 	C:\Program Files\Java\jdk-15.0.2\bin\net.dll
0x00007ffd2d490000 - 0x00007ffd2d59b000 	C:\WINDOWS\SYSTEM32\WINHTTP.dll
0x00007ffd35a70000 - 0x00007ffd35ada000 	C:\WINDOWS\system32\mswsock.dll
0x00007ffd22e30000 - 0x00007ffd22e42000 	C:\Program Files\Java\jdk-15.0.2\bin\nio.dll
0x00007ffd21c00000 - 0x00007ffd21c18000 	C:\Program Files\Java\jdk-15.0.2\bin\zip.dll
0x00007ffd2ff60000 - 0x00007ffd2fffe000 	C:\WINDOWS\system32\uxtheme.dll
0x00007ffd385c0000 - 0x00007ffd386d5000 	C:\WINDOWS\System32\MSCTF.dll
0x00007ffd36c30000 - 0x00007ffd36d5a000 	C:\WINDOWS\System32\ole32.dll
0x00007ffd33a00000 - 0x00007ffd33a2f000 	C:\WINDOWS\system32\DWMAPI.DLL
0x00007ffd0f6d0000 - 0x00007ffd0f7f6000 	C:\WINDOWS\system32\opengl32.dll
0x00007ffd1f570000 - 0x00007ffd1f59c000 	C:\WINDOWS\SYSTEM32\GLU32.dll
0x00007ffd07ee0000 - 0x00007ffd07f65000 	C:\Program Files\Java\jdk-15.0.2\bin\freetype.dll
0x00007ffce7ce0000 - 0x00007ffce7d89000 	C:\Program Files\Java\jdk-15.0.2\bin\fontmanager.dll

dbghelp: loaded successfully - version: 4.0.5 - missing functions: none
symbol engine: initialized successfully - sym options: 0x614 - pdb path: .;C:\Program Files\Java\jdk-15.0.2\bin;C:\WINDOWS\SYSTEM32;C:\WINDOWS\WinSxS\amd64_microsoft.windows.common-controls_6595b64144ccf1df_6.0.19041.844_none_ca00b6081b84eb1d;C:\Program Files\Java\jdk-15.0.2\bin\server

VM Arguments:
java_command: com.group5.main.Main
java_class_path (initial): D:\code\ky 2 nam 3\java\Thuc Hanh\project\QLNhaTro\target\classes;C:\Users\trung\.m2\repository\mysql\mysql-connector-java\8.0.22\mysql-connector-java-8.0.22.jar;C:\Users\trung\.m2\repository\com\google\protobuf\protobuf-java\3.11.4\protobuf-java-3.11.4.jar
Launcher Type: SUN_STANDARD

[Global flags]
     intx CICompilerCount                          = 4                                         {product} {ergonomic}
     uint ConcGCThreads                            = 2                                         {product} {ergonomic}
     uint G1ConcRefinementThreads                  = 8                                         {product} {ergonomic}
   size_t G1HeapRegionSize                         = 2097152                                   {product} {ergonomic}
    uintx GCDrainStackTargetSize                   = 64                                        {product} {ergonomic}
   size_t InitialHeapSize                          = 266338304                                 {product} {ergonomic}
   size_t MarkStackSize                            = 4194304                                   {product} {ergonomic}
   size_t MaxHeapSize                              = 4242538496                                {product} {ergonomic}
   size_t MaxNewSize                               = 2543845376                                {product} {ergonomic}
   size_t MinHeapDeltaBytes                        = 2097152                                   {product} {ergonomic}
   size_t MinHeapSize                              = 8388608                                   {product} {ergonomic}
    uintx NonNMethodCodeHeapSize                   = 5839372                                {pd product} {ergonomic}
    uintx NonProfiledCodeHeapSize                  = 122909434                              {pd product} {ergonomic}
    uintx ProfiledCodeHeapSize                     = 122909434                              {pd product} {ergonomic}
    uintx ReservedCodeCacheSize                    = 251658240                              {pd product} {ergonomic}
     bool SegmentedCodeCache                       = true                                      {product} {ergonomic}
   size_t SoftMaxHeapSize                          = 4242538496                             {manageable} {ergonomic}
     bool UseCompressedClassPointers               = true                                 {lp64_product} {ergonomic}
     bool UseCompressedOops                        = true                                 {lp64_product} {ergonomic}
     bool UseG1GC                                  = true                                      {product} {ergonomic}
     bool UseLargePagesIndividualAllocation        = false                                  {pd product} {ergonomic}

Logging:
Log output configuration:
 #0: stdout all=warning uptime,level,tags
 #1: stderr all=off uptime,level,tags

Environment Variables:
JAVA_HOME=C:\Program Files\Java\jdk-15.0.2
PATH=C:\Program Files\Microsoft MPI\Bin\;C:\Program Files\Common Files\Oracle\Java\javapath;C:\Windows\system32;C:\Windows;C:\Windows\System32\Wbem;C:\Windows\System32\WindowsPowerShell\v1.0\;C:\Windows\System32\OpenSSH\;C:\Program Files (x86)\NVIDIA Corporation\PhysX\Common;C:\WINDOWS\system32;C:\WINDOWS;C:\WINDOWS\System32\Wbem;C:\WINDOWS\System32\WindowsPowerShell\v1.0\;C:\WINDOWS\System32\OpenSSH\;C:\Program Files (x86)\Microsoft SQL Server\150\Tools\Binn\;C:\Program Files\Microsoft SQL Server\150\Tools\Binn\;C:\Program Files (x86)\Microsoft SQL Server\150\DTS\Binn\;C:\Program Files\Microsoft SQL Server\150\DTS\Binn\;C:\Program Files\Microsoft SQL Server\Client SDK\ODBC\170\Tools\Binn\;C:\Program Files\Azure Data Studio\bin;C:\Program Files\dotnet\;C:\Program Files\Java\jdk-15.0.2\bin;C:\Program Files\Git\cmd;C:\Program Files (x86)\dotnet\;C:\Program Files\Microsoft SQL Server\130\Tools\Binn\;C:\Users\trung\AppData\Local\Programs\Python\Python39\Scripts\;C:\Users\trung\AppData\Local\Programs\Python\Python39\;C:\Users\trung\AppData\Local\Microsoft\WindowsApps;;C:\Users\trung\AppData\Local\Programs\Microsoft VS Code\bin;C:\Program Files\Azure Data Studio\bin;C:\Users\trung\.dotnet\tools
USERNAME=trung
OS=Windows_NT
PROCESSOR_IDENTIFIER=Intel64 Family 6 Model 142 Stepping 12, GenuineIntel



---------------  S Y S T E M  ---------------

OS:
 Windows 10 , 64 bit Build 19041 (10.0.19041.928)
OS uptime: 2 days 3:13 hours

CPU: total 8 (initial active 8) (4 cores per cpu, 2 threads per core) family 6 model 142 stepping 12 microcode 0xde, cmov, cx8, fxsr, mmx, sse, sse2, sse3, ssse3, sse4.1, sse4.2, popcnt, vzeroupper, avx, avx2, aes, clmul, erms, 3dnowpref, lzcnt, ht, tsc, tscinvbit, bmi1, bmi2, adx, fma, clflush, clflushopt

Memory: 4k page, system-wide physical 16182M (5174M free)
TotalPageFile size 19181M (AvailPageFile size 3M)
current process WorkingSet (physical memory assigned to process): 52M, peak: 52M
current process commit charge ("private bytes"): 352M, peak: 352M

vm_info: Java HotSpot(TM) 64-Bit Server VM (15.0.2+7-27) for windows-amd64 JRE (15.0.2+7-27), built on Dec  7 2020 20:07:01 by "mach5one" with unknown MS VC++:1925

END.
